[debug] [2022-12-06T09:19:21.529Z] ----------------------------------------------------------------------
[debug] [2022-12-06T09:19:21.532Z] Command:       C:\Program Files\nodejs\node.exe C:\Users\Muath.Zoubi\AppData\Roaming\npm\node_modules\firebase-tools\lib\bin\firebase.js init hosting:github
[debug] [2022-12-06T09:19:21.532Z] CLI Version:   11.16.1
[debug] [2022-12-06T09:19:21.532Z] Platform:      win32
[debug] [2022-12-06T09:19:21.532Z] Node Version:  v18.12.1
[debug] [2022-12-06T09:19:21.533Z] Time:          Tue Dec 06 2022 11:19:21 GMT+0200 (Eastern European Standard Time)
[debug] [2022-12-06T09:19:21.533Z] ----------------------------------------------------------------------
[debug] 
[debug] [2022-12-06T09:19:21.609Z] > command requires scopes: ["email","openid","https://www.googleapis.com/auth/cloudplatformprojects.readonly","https://www.googleapis.com/auth/firebase","https://www.googleapis.com/auth/cloud-platform"]
[debug] [2022-12-06T09:19:21.609Z] > authorizing via signed-in user (moathaza@gmail.com)
[info] 
     ######## #### ########  ######## ########     ###     ######  ########
     ##        ##  ##     ## ##       ##     ##  ##   ##  ##       ##
     ######    ##  ########  ######   ########  #########  ######  ######
     ##        ##  ##    ##  ##       ##     ## ##     ##       ## ##
     ##       #### ##     ## ######## ########  ##     ##  ######  ########

You're about to initialize a Firebase project in this directory:

  C:\Users\Muath.Zoubi\Documents\app\shortlinkapp\my-app

Before we get started, keep in mind:

  * You are initializing within an existing Firebase project directory

[info] 
=== Project Setup
[info] 
[info] First, let's associate this project directory with a Firebase project.
[info] You can create multiple project aliases by running firebase use --add, 
[info] but for now we'll just set up a default project.
[info] 
[debug] [2022-12-06T09:19:24.474Z] Using project from CLI flag: myapp-61934
[debug] [2022-12-06T09:19:24.477Z] >>> [apiv2][query] GET https://firebase.googleapis.com/v1beta1/projects/myapp-61934 [none]
[debug] [2022-12-06T09:19:25.220Z] <<< [apiv2][status] GET https://firebase.googleapis.com/v1beta1/projects/myapp-61934 200
[debug] [2022-12-06T09:19:25.220Z] <<< [apiv2][body] GET https://firebase.googleapis.com/v1beta1/projects/myapp-61934 {"projectId":"myapp-61934","projectNumber":"528867260136","displayName":"MyApp","name":"projects/myapp-61934","resources":{"hostingSite":"myapp-61934"},"state":"ACTIVE","etag":"1_822f3891-96cd-4679-937e-aa616f72807f"}
[info] i  Using project myapp-61934 (MyApp) 
[info] 
=== Hosting:github Setup
[info] 
[info] i  Detected a .git folder at C:\Users\Muath.Zoubi\Documents\app\shortlinkapp 
[info] i  Authorizing with GitHub to upload your service account to a GitHub repository's secrets store. 
[info] 
[info] Visit this URL on this device to log in:
[info] https://github.com/login/oauth/authorize?client_id=89cf50f02ac6aaed3484&state=647006626&redirect_uri=http%3A%2F%2Flocalhost%3A9005&scope=read%3Auser%20repo%20public_repo
[info] 
[info] Waiting for authentication...
[debug] [2022-12-06T09:19:26.125Z] >>> [apiv2][query] POST https://github.com/login/oauth/access_token [none]
[debug] [2022-12-06T09:19:26.125Z] >>> [apiv2][body] POST https://github.com/login/oauth/access_token [stream]
[debug] [2022-12-06T09:19:26.544Z] <<< [apiv2][status] POST https://github.com/login/oauth/access_token 200
[debug] [2022-12-06T09:19:26.544Z] <<< [apiv2][body] POST https://github.com/login/oauth/access_token {"access_token":"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","token_type":"bearer","scope":"read:user,repo"}
[debug] [2022-12-06T09:19:26.550Z] >>> [apiv2][query] GET https://api.github.com/user [none]
[debug] [2022-12-06T09:19:27.202Z] <<< [apiv2][status] GET https://api.github.com/user 200
[debug] [2022-12-06T09:19:27.202Z] <<< [apiv2][body] GET https://api.github.com/user {"login":"moathalzoubi","id":32450805,"node_id":"MDQ6VXNlcjMyNDUwODA1","avatar_url":"https://avatars.githubusercontent.com/u/32450805?v=4","gravatar_id":"","url":"https://api.github.com/users/moathalzoubi","html_url":"https://github.com/moathalzoubi","followers_url":"https://api.github.com/users/moathalzoubi/followers","following_url":"https://api.github.com/users/moathalzoubi/following{/other_user}","gists_url":"https://api.github.com/users/moathalzoubi/gists{/gist_id}","starred_url":"https://api.github.com/users/moathalzoubi/starred{/owner}{/repo}","subscriptions_url":"https://api.github.com/users/moathalzoubi/subscriptions","organizations_url":"https://api.github.com/users/moathalzoubi/orgs","repos_url":"https://api.github.com/users/moathalzoubi/repos","events_url":"https://api.github.com/users/moathalzoubi/events{/privacy}","received_events_url":"https://api.github.com/users/moathalzoubi/received_events","type":"User","site_admin":false,"name":null,"company":null,"blog":"","location":null,"email":null,"hireable":null,"bio":null,"twitter_username":null,"public_repos":10,"public_gists":0,"followers":0,"following":0,"created_at":"2017-10-02T08:59:19Z","updated_at":"2022-12-06T08:39:54Z","private_gists":0,"total_private_repos":5,"owned_private_repos":5,"disk_usage":48784,"collaborators":0,"two_factor_authentication":false,"plan":{"name":"free","space":976562499,"collaborators":0,"private_repos":10000}}
[info] 
[info] +  Success! Logged into GitHub as moathalzoubi 
[info] 
[debug] [2022-12-06T09:19:42.967Z] >>> [apiv2][query] GET https://api.github.com/repos/y/actions/secrets/public-key type=owner
[debug] [2022-12-06T09:19:43.338Z] <<< [apiv2][status] GET https://api.github.com/repos/y/actions/secrets/public-key 404
[debug] [2022-12-06T09:19:43.338Z] <<< [apiv2][body] GET https://api.github.com/repos/y/actions/secrets/public-key {"message":"Not Found","documentation_url":"https://docs.github.com/rest"}
